<?xml version="1.0" encoding="UTF-8"?>
<testsuite name="Cucumber" time="5.915" tests="1" skipped="0" failures="0" errors="0">
<testcase classname="login functionality" name="Successful login with valid credentials - Example #1.1" time="5.781">
<system-out><![CDATA[
Given user is on Home page..................................................passed
And user clicks on Login after navigating to My Account menu................passed
And user enters "admin123@gmail.com" and "admin@123"........................passed
And click on login button...................................................passed
Then user navigates to My Account page......................................passed
]]></system-out>
</testcase>
</testsuite>
