<?xml version="1.0" encoding="UTF-8"?>
<!-- Generated by org.testng.reporters.JUnitReportReporter -->
<testsuite hostname="DESKTOP-3BP8S7P" failures="0" tests="1" name="testRunner.TestRunner" time="5.837" errors="0" timestamp="2023-03-08T10:53:54 CST" skipped="0">
  <testcase classname="testRunner.TestRunner" name="runScenario" time="5.837"/>
  <system-out/>
</testsuite> <!-- testRunner.TestRunner -->
