<?xml version="1.0" encoding="UTF-8"?>
<!-- Generated by org.testng.reporters.JUnitReportReporter -->
<testsuite hostname="DESKTOP-3BP8S7P" failures="0" tests="1" name="parallelRunner.TestRunner" time="0.502" errors="1" timestamp="2023-03-13T14:31:54 CDT" skipped="0">
  <testcase classname="parallelRunner.TestRunner" name="runScenario" time="0.502">
    <error message="Cannot invoke &quot;String.equalsIgnoreCase(String)&quot; because the return value of &quot;parallel.Context.getBr()&quot; is null" type="java.lang.NullPointerException">
      <![CDATA[java.lang.NullPointerException: Cannot invoke "String.equalsIgnoreCase(String)" because the return value of "parallel.Context.getBr()" is null
at parallel.MyHooks.setup(MyHooks.java:54)
]]>
    </error>
  </testcase> <!-- runScenario -->
  <system-out/>
</testsuite> <!-- parallelRunner.TestRunner -->
