<?xml version="1.0" encoding="UTF-8"?>
<!-- Generated by org.testng.reporters.JUnitReportReporter -->
<testsuite hostname="DESKTOP-3BP8S7P" failures="0" tests="5" name="testRunner.TestRunner" time="16.842" errors="0" timestamp="2023-02-27T10:03:34 CST" skipped="0">
  <testcase classname="testRunner.TestRunner" name="runScenario" time="3.700"/>
  <system-out/>
  <testcase classname="testRunner.TestRunner" name="runScenario" time="2.496"/>
  <system-out/>
  <testcase classname="testRunner.TestRunner" name="runScenario" time="2.864"/>
  <system-out/>
  <testcase classname="testRunner.TestRunner" name="runScenario" time="2.170"/>
  <system-out/>
  <testcase classname="testRunner.TestRunner" name="runScenario" time="5.612"/>
  <system-out/>
</testsuite> <!-- testRunner.TestRunner -->
