<?xml version="1.0" encoding="UTF-8"?>
<!-- Generated by org.testng.reporters.JUnitReportReporter -->
<testsuite hostname="DESKTOP-3BP8S7P" failures="0" tests="2" name="testRunner.TestRunner" time="6.191" errors="0" timestamp="2023-03-15T10:20:00 CDT" skipped="0">
  <testcase classname="testRunner.TestRunner" name="runScenario" time="2.227"/>
  <system-out/>
  <testcase classname="testRunner.TestRunner" name="runScenario" time="3.964"/>
  <system-out/>
</testsuite> <!-- testRunner.TestRunner -->
